#0 building with "default" instance using docker driver

#1 [internal] load build definition from Dockerfile
#1 transferring dockerfile: 130B done
#1 DONE 0.0s

#2 [internal] load metadata for docker.io/library/php:8.3.21-cli-alpine3.20
#2 DONE 0.4s

#3 [internal] load metadata for docker.io/library/composer:2.8.9
#3 DONE 0.4s

#4 [internal] load .dockerignore
#4 transferring context: 2B done
#4 DONE 0.0s

#5 [stage-0 1/2] FROM docker.io/library/php:8.3.21-cli-alpine3.20@sha256:512ac7457a8eb5eb90783e68c9da9e545cc08e38f87c765e37832500af8894f3
#5 DONE 0.0s

#6 FROM docker.io/library/composer:2.8.9@sha256:623d15a4aae78c868a35c3942add4bb9b2f98e4a3ec26e1928c84df14695d4b0
#6 DONE 0.0s

#7 [stage-0 2/2] COPY --from=composer:2.8.9 /usr/bin/composer /usr/local/bin/
#7 CACHED

#8 exporting to image
#8 exporting layers done
#8 writing image sha256:b37251c922fb6921f08a99881c51fe5f1632e6e99a1b1389ca6d2180861b4b14 done
#8 naming to docker.io/steevanb/dev-ops done
#8 DONE 0.0s
